<?xml version="1.0" encoding="UTF-8"?>
<robot generator="Robot 7.1.1 (Python 3.13.1 on win32)" generated="2025-03-12T21:08:53.085568" rpa="false" schemaversion="5">
<suite id="s1" name="Researcher" source="C:\xampp\htdocs\Project_SoftEn\git-group-repository-group-4-sec-4\test\test_sprint3\researcher.robot">
<test id="s1-t1" name="Navigate To Researcher Page And Switch To Chinese" line="108">
<kw name="Open Browser To Home Page">
<kw name="Open Browser" owner="SeleniumLibrary">
<msg time="2025-03-12T21:08:53.405562" level="INFO">Opening browser 'chrome' to base url 'https://cs0404.cpkkuhost.com/'.</msg>
<arg>${HOME_URL}</arg>
<arg>${BROWSER}</arg>
<doc>Opens a new browser instance to the optional ``url``.</doc>
<status status="PASS" start="2025-03-12T21:08:53.405366" elapsed="20.035972"/>
</kw>
<kw name="Maximize Browser Window" owner="SeleniumLibrary">
<doc>Maximizes current browser window.</doc>
<status status="PASS" start="2025-03-12T21:09:13.441640" elapsed="0.049870"/>
</kw>
<status status="PASS" start="2025-03-12T21:08:53.404859" elapsed="20.086830"/>
</kw>
<kw name="Navigate To Researcher Page">
<kw name="Click Element" owner="SeleniumLibrary">
<msg time="2025-03-12T21:09:13.492925" level="INFO">Clicking element 'xpath=//a[@id='navbarDropdown']'.</msg>
<arg>${RESEARCHER_MENU}</arg>
<doc>Click the element identified by ``locator``.</doc>
<status status="PASS" start="2025-03-12T21:09:13.492496" elapsed="0.096142"/>
</kw>
<kw name="Wait Until Element Is Visible" owner="SeleniumLibrary">
<arg>${DROPDOWN_MENU}</arg>
<arg>${WAIT_TIME}</arg>
<doc>Waits until the element ``locator`` is visible.</doc>
<status status="PASS" start="2025-03-12T21:09:13.589019" elapsed="0.070341"/>
</kw>
<kw name="Click Element" owner="SeleniumLibrary">
<msg time="2025-03-12T21:09:13.660576" level="INFO">Clicking element 'xpath=//ul[contains(@class, 'dropdown-menu') and contains(@class, 'show')]//a[contains(@href, '/researchers/1')]'.</msg>
<arg>${COMPUTER_SCIENCE}</arg>
<doc>Click the element identified by ``locator``.</doc>
<status status="PASS" start="2025-03-12T21:09:13.659925" elapsed="1.849312"/>
</kw>
<kw name="Wait Until Page Contains" owner="SeleniumLibrary">
<arg>Researchers</arg>
<arg>10s</arg>
<doc>Waits until ``text`` appears on the current page.</doc>
<status status="PASS" start="2025-03-12T21:09:15.509600" elapsed="0.015961"/>
</kw>
<status status="PASS" start="2025-03-12T21:09:13.492130" elapsed="2.033619"/>
</kw>
<kw name="Switch Language And Verify">
<kw name="Click Element" owner="SeleniumLibrary">
<msg time="2025-03-12T21:09:15.528514" level="INFO">Clicking element 'xpath=//a[@id="navbarDropdownMenuLink"]'.</msg>
<arg>${LANG_DROPDOWN_TOGGLE}</arg>
<doc>Click the element identified by ``locator``.</doc>
<status status="PASS" start="2025-03-12T21:09:15.528045" elapsed="0.150723"/>
</kw>
<kw name="Sleep" owner="BuiltIn">
<msg time="2025-03-12T21:09:16.679384" level="INFO">Slept 1 second.</msg>
<arg>1s</arg>
<doc>Pauses the test executed for the given time.</doc>
<status status="PASS" start="2025-03-12T21:09:15.678959" elapsed="1.000736"/>
</kw>
<kw name="Run Keyword And Ignore Error" owner="BuiltIn">
<kw name="Click Element" owner="SeleniumLibrary">
<msg time="2025-03-12T21:09:16.681949" level="INFO">Clicking element 'xpath=//div[contains(@class, 'dropdown-menu')]//a[contains(text(), '中文')]'.</msg>
<msg time="2025-03-12T21:09:16.878935" level="INFO" html="true">&lt;/td&gt;&lt;/tr&gt;&lt;tr&gt;&lt;td colspan="3"&gt;&lt;a href="selenium-screenshot-30.png"&gt;&lt;img src="selenium-screenshot-30.png" width="800px"&gt;&lt;/a&gt;</msg>
<msg time="2025-03-12T21:09:16.879105" level="FAIL">Element with locator 'xpath=//div[contains(@class, 'dropdown-menu')]//a[contains(text(), '中文')]' not found.</msg>
<arg>${lang_button}</arg>
<doc>Click the element identified by ``locator``.</doc>
<status status="FAIL" start="2025-03-12T21:09:16.680628" elapsed="0.306896">Element with locator 'xpath=//div[contains(@class, 'dropdown-menu')]//a[contains(text(), '中文')]' not found.</status>
</kw>
<arg>Click Element</arg>
<arg>${lang_button}</arg>
<doc>Runs the given keyword with the given arguments and ignores possible error.</doc>
<status status="PASS" start="2025-03-12T21:09:16.680190" elapsed="0.307597"/>
</kw>
<kw name="Sleep" owner="BuiltIn">
<msg time="2025-03-12T21:09:19.989200" level="INFO">Slept 3 seconds.</msg>
<arg>3s</arg>
<doc>Pauses the test executed for the given time.</doc>
<status status="PASS" start="2025-03-12T21:09:16.988100" elapsed="3.001290"/>
</kw>
<kw name="Verify Page Contains Multiple Texts">
<kw name="Get Source" owner="SeleniumLibrary">
<msg time="2025-03-12T21:09:20.051507" level="INFO">${html_source} = &lt;html lang="en" class="hydrated"&gt;&lt;head&gt;
    &lt;meta charset="UTF-8"&gt;&lt;style data-styles=""&gt;ion-icon{visibility:hidden}.hydrated{visibility:inherit}&lt;/style&gt;
    &lt;meta name="viewport" content="width=device...</msg>
<var>${html_source}</var>
<doc>Returns the entire HTML source of the current page or frame.</doc>
<status status="PASS" start="2025-03-12T21:09:19.990618" elapsed="0.061090"/>
</kw>
<kw name="Log" owner="BuiltIn">
<msg time="2025-03-12T21:09:20.053270" level="INFO">HTML Source: &lt;html lang="en" class="hydrated"&gt;&lt;head&gt;
    &lt;meta charset="UTF-8"&gt;&lt;style data-styles=""&gt;ion-icon{visibility:hidden}.hydrated{visibility:inherit}&lt;/style&gt;
    &lt;meta name="viewport" content="width=device-width, initial-scale=1.0"&gt;
    &lt;meta http-equiv="X-UA-Compatible" content="ie=edge"&gt;
    &lt;title&gt;ระบบข้อมูลงานวิจัย วิทยาลัยการคอมพิวเตอร์&lt;/title&gt;
    &lt;base href="https://cs0404.cpkkuhost.com"&gt;
    &lt;link href="img/Newlogo.png" rel="shortcut icon" type="image/x-icon"&gt;

    &lt;link href="https://cs0404.cpkkuhost.com/css/app.css" rel="stylesheet"&gt;

    &lt;link href="https://cs0404.cpkkuhost.com/css/load-more-button.css" rel="stylesheet"&gt;

    &lt;script src="https://cs0404.cpkkuhost.com/js/app.js"&gt;&lt;/script&gt;

    &lt;link rel="stylesheet" href="https://cs0404.cpkkuhost.com/vendor/bootstrap/css/bootstrap.min.css"&gt;
    &lt;script src="https://cs0404.cpkkuhost.com/js/jquery-3.6.0.min.js"&gt;&lt;/script&gt;

    &lt;script src="https://cs0404.cpkkuhost.com/vendor/bootstrap/js/bootstrap.min.js"&gt;&lt;/script&gt;
    &lt;link rel="stylesheet" href="https://cdnjs.cloudflare.com/ajax/libs/font-awesome/4.7.0/css/font-awesome.min.css"&gt;
    &lt;link rel="stylesheet" href="https://cs0404.cpkkuhost.com/vendors/mdi/css/materialdesignicons.min.css"&gt;
    &lt;link rel="stylesheet" href="https://cs0404.cpkkuhost.com/vendors/ti-icons/css/themify-icons.css"&gt;
    &lt;link rel="stylesheet" href="https://cs0404.cpkkuhost.com/vendors/typicons/typicons.css"&gt;
    &lt;link rel="stylesheet" href="https://cs0404.cpkkuhost.com/vendors/simple-line-icons/css/simple-line-icons.css"&gt;
    &lt;!-- datatable --&gt;
    &lt;!-- &lt;link rel="stylesheet" type="text/css" href="https://cdnjs.cloudflare.com/ajax/libs/twitter-bootstrap/5.0.1/css/bootstrap.css" /&gt;
    &lt;link rel="stylesheet" type="text/css" href="https://cdn.datatables.net/1.11.3/css/dataTables.bootstrap5.css" /&gt;
    &lt;link rel="stylesheet" type="text/css" href="https://cdn.datatables.net/responsive/2.2.9/css/responsive.bootstrap5.css" /&gt; --&gt;

    &lt;!-- &lt;script src="https://code.jquery.com/jquery-3.5.1.js" defer&gt;&lt;/script&gt; --&gt;
    &lt;!--&lt;script src="https://cdn.datatables.net/1.11.4/js/jquery.dataTables.min.js" defer&gt;&lt;/script&gt;
    &lt;script src="https://cdn.datatables.net/1.11.4/js/dataTables.bootstrap5.min.js" defer&gt;&lt;/script&gt; --&gt;



    &lt;link rel="stylesheet" type="text/css" href="https://cdnjs.cloudflare.com/ajax/libs/twitter-bootstrap/5.0.1/css/bootstrap.css"&gt;
    &lt;link rel="stylesheet" type="text/css" href="https://cdn.datatables.net/1.11.3/css/dataTables.bootstrap5.css"&gt;
    &lt;link rel="stylesheet" type="text/css" href="https://cdn.datatables.net/responsive/2.2.9/css/responsive.bootstrap5.css"&gt;


    &lt;link href="https://cdnjs.cloudflare.com/ajax/libs/flag-icon-css/3.1.0/css/flag-icon.min.css" rel="stylesheet"&gt;
    &lt;script type="module" src="https://unpkg.com/ionicons@5.5.2/dist/ionicons/ionicons.esm.js"&gt;&lt;/script&gt;
    &lt;script nomodule="" src="https://unpkg.com/ionicons@5.5.2/dist/ionicons/ionicons.js"&gt;&lt;/script&gt;
    &lt;link rel="stylesheet" href="https://fonts.googleapis.com/icon?family=Material+Icons"&gt;

    &lt;link rel="stylesheet" href="https://cs0404.cpkkuhost.com/css/style.css"&gt;



&lt;/head&gt;

&lt;body&gt;
    &lt;!-- Navigation --&gt;
    &lt;nav id="navbar" class="navbar navbar-expand-lg navbar-light"&gt;
        &lt;div class="container-fluid"&gt;
            &lt;a class="navbar-brand logo-image" href="#"&gt;
                                &lt;img src="https://cs0404.cpkkuhost.com/img/logo2-en.png" alt="alternative"&gt;
                                &lt;button class="navbar-toggler" type="button" data-bs-toggle="collapse" data-bs-target="#collapsibleNavbar" aria-controls="navbarNav" aria-expanded="false" aria-label="Toggle navigation"&gt;
                    &lt;span class="navbar-toggler-icon"&gt;&lt;/span&gt;
                &lt;/button&gt;
                &lt;/a&gt;&lt;div class="collapse navbar-collapse" id="collapsibleNavbar"&gt;&lt;a class="navbar-brand logo-image" href="#"&gt;
                    &lt;/a&gt;&lt;ul class="navbar-nav ms-auto navbar-nav-scroll"&gt;&lt;a class="navbar-brand logo-image" href="#"&gt;
                        &lt;/a&gt;&lt;li class="nav-item d-flex align-items-center "&gt;&lt;a class="navbar-brand logo-image" href="#"&gt;
                            &lt;/a&gt;&lt;a class="nav-link" href="/" id="home"&gt;Home&lt;/a&gt;
                        &lt;/li&gt;

                        &lt;li class="nav-item dropdown active  "&gt;
                            &lt;a class="nav-link dropdown-toggle" id="navbarDropdown" role="button" data-bs-toggle="dropdown" aria-expanded="false"&gt;
                                Researchers
                            &lt;/a&gt;
                            &lt;ul class="dropdown-menu" aria-labelledby="navbarDropdown"&gt;
                                                                &lt;li&gt;
                                    &lt;a class="dropdown-item" href="https://cs0404.cpkkuhost.com/researchers/1"&gt;
                                                                                Computer Science
                                                                            &lt;/a&gt;
                                &lt;/li&gt;
                                                                &lt;li&gt;
                                    &lt;a class="dropdown-item" href="https://cs0404.cpkkuhost.com/researchers/2"&gt;
                                                                                Infomation Technology
                                                                            &lt;/a&gt;
                                &lt;/li&gt;
                                                                &lt;li&gt;
                                    &lt;a class="dropdown-item" href="https://cs0404.cpkkuhost.com/researchers/3"&gt;
                                                                                Geo-Informatics
                                                                            &lt;/a&gt;
                                &lt;/li&gt;
                                                            &lt;/ul&gt;
                        &lt;/li&gt;
                        &lt;li class="nav-item  "&gt;
                            &lt;a class="nav-link" href="/researchproject"&gt;Research Project&lt;/a&gt;
                        &lt;/li&gt;
                        &lt;li class="nav-item   "&gt;
                            &lt;a class="nav-link" href="/researchgroup"&gt;Research Group&lt;/a&gt;
                        &lt;/li&gt;
                        &lt;li class="nav-item "&gt;
                            &lt;a class="nav-link" href="/reports"&gt;Reports&lt;/a&gt;
                        &lt;/li&gt;
                        &lt;li class="nav-item dropdown show"&gt;
                            &lt;a class="nav-link dropdown-toggle" href="#" id="navbarDropdownMenuLink" data-toggle="dropdown" aria-haspopup="true" aria-expanded="true"&gt;
                                &lt;span class="flag-icon flag-icon-us"&gt;&lt;/span&gt;
                                English
                            &lt;/a&gt;
                            &lt;div class="dropdown-menu show" aria-labelledby="navbarDropdownMenuLink"&gt;
                                                                                                                                                                &lt;a class="dropdown-item" id="language-th" href="https://cs0404.cpkkuhost.com/lang/th"&gt;
                                    &lt;span class="flag-icon flag-icon-th"&gt;&lt;/span&gt;
                                    ไทย
                                &lt;/a&gt;
                                                                                                                                &lt;a class="dropdown-item" id="language-zh" href="https://cs0404.cpkkuhost.com/lang/zh"&gt;
                                    &lt;span class="flag-icon flag-icon-cn"&gt;&lt;/span&gt;
                                    中文
                                &lt;/a&gt;
                                                                                            &lt;/div&gt;
                        &lt;/li&gt;
                    &lt;/ul&gt;
                                                            &lt;span class="nav-item"&gt;
                        &lt;a class="btn-solid-sm" href="/login" target="_blank" id="btn-login"&gt;Login&lt;/a&gt;
                    &lt;/span&gt;
                                                        &lt;/div&gt; &lt;!-- end of navbar-collapse --&gt;
        &lt;/div&gt; &lt;!-- end of container --&gt;
    &lt;/nav&gt; &lt;!-- end of navbar --&gt;
    &lt;!-- end of navigation --&gt;
    &lt;div class="container card-2"&gt;
    &lt;p class="title"&gt;Researchers&lt;/p&gt;
        &lt;span&gt;
                &lt;ion-icon name="caret-forward-outline" size="small" role="img" class="md icon-small hydrated" aria-label="caret forward outline"&gt;&lt;/ion-icon&gt; Computer Science
            &lt;/span&gt;

    &lt;div class="d-flex"&gt;
        &lt;div class="ml-auto"&gt;
            &lt;form class="row row-cols-lg-auto g-3" method="GET" action="https://cs0404.cpkkuhost.com/researchers/1/search"&gt;
                &lt;div class="col-md-8"&gt;
                    &lt;div class="input-group"&gt;
                        &lt;input type="text" class="form-control" name="textsearch" placeholder="Search"&gt;
                    &lt;/div&gt;
                &lt;/div&gt;
                &lt;!-- &lt;div class="col-12"&gt;
                        &lt;label class="visually-hidden" for="inlineFormSelectPref"&gt;Preference&lt;/label&gt;
                        &lt;select class="form-select" id="inlineFormSelectPref"&gt;
                            &lt;option selected&gt; Choose...&lt;/option&gt;
                            &lt;option value="1"&gt;One&lt;/option&gt;
                            &lt;option value="2"&gt;Two&lt;/option&gt;
                            &lt;option value="3"&gt;Three&lt;/option&gt;
                        &lt;/select&gt;
                    &lt;/div&gt; --&gt;
                &lt;div class="col-md-4"&gt;
                    &lt;button type="submit" class="btn btn-outline-primary"&gt;Search&lt;/button&gt;
                &lt;/div&gt;
            &lt;/form&gt;
        &lt;/div&gt;
    &lt;/div&gt;


    &lt;div class="row row-cols-1 row-cols-md-2 g-0"&gt;
                &lt;a href=" https://cs0404.cpkkuhost.com/detail/eyJpdiI6Ijd1UFU3SnB1eTVwTHQ5WjlvSzZudkE9PSIsInZhbHVlIjoib042WEFHMG1Ma1FLcjZrM016RzkvZz09IiwibWFjIjoiZDAzZjA0YzIxZTFiZDliZDFjM2NkYWViNTEzODZkNWJhZTYwMDRhNGY2NzI4ZWIwZjU0OWM4M2MyZjJlZTg3MSIsInRhZyI6IiJ9"&gt;
            &lt;div class="card mb-3"&gt;
                &lt;div class="row g-0"&gt;
                    &lt;div class="col-sm-4"&gt;
                        &lt;img class="card-image" src="https://cs0404.cpkkuhost.com/images/imag_user/Formal_Sartra.jpg" alt=""&gt;
                    &lt;/div&gt;
                    &lt;div class="col-sm-8 overflow-hidden" style="text-overflow: clip;  max-height: 220px; "&gt;
                        &lt;div class="card-body"&gt;

                                                                                    &lt;h5 class="card-title"&gt;Professor Sartra Wongthanavasu, Ph.D.&lt;/h5&gt;
                            
                            
                            &lt;p class="card-text-1"&gt;Research interests&lt;/p&gt;
                            &lt;div class="card-expertise"&gt;
                                                                &lt;p class="card-text"&gt;
                                                                        Big Data Analytics
                                                                    &lt;/p&gt;
                                                                &lt;p class="card-text"&gt;
                                                                        Cellular Automata
                                                                    &lt;/p&gt;
                                                                &lt;p class="card-text"&gt;
                                                                        Computer Vision
                                                                    &lt;/p&gt;
                                                            &lt;/div&gt;

                        &lt;/div&gt;

                    &lt;/div&gt;
                &lt;/div&gt;
            &lt;/div&gt;
        &lt;/a&gt;
                &lt;a href=" https://cs0404.cpkkuhost.com/detail/eyJpdiI6Ikd0c2N3MGwybEVjSC8waWNFbzBJaEE9PSIsInZhbHVlIjoiU2RhTU1sRDd1NG4vaTl3L2orb1RDUT09IiwibWFjIjoiNGQ0OGY2MWYzZmYyZmRlNDU2YzNkMGI3Mjc5YWRiZjkxOTU2Zjc5MmY0NzE4OGNiNzEwMzc5ZmMzMWNjZWRjMCIsInRhZyI6IiJ9"&gt;
            &lt;div class="card mb-3"&gt;
                &lt;div class="row g-0"&gt;
                    &lt;div class="col-sm-4"&gt;
                        &lt;img class="card-image" src="https://cs0404.cpkkuhost.com/images/imag_user/UIMG_20220407624e7e943c5cd.jpg" alt=""&gt;
                    &lt;/div&gt;
                    &lt;div class="col-sm-8 overflow-hidden" style="text-overflow: clip;  max-height: 220px; "&gt;
                        &lt;div class="card-body"&gt;

                                                                                    &lt;h5 class="card-title"&gt;Associate Professor Punyaphol Horata, Ph.D.&lt;/h5&gt;
                            
                            
                            &lt;p class="card-text-1"&gt;Research interests&lt;/p&gt;
                            &lt;div class="card-expertise"&gt;
                                                                &lt;p class="card-text"&gt;
                                                                        Machine Learning and Intelligent Systems
                                                                    &lt;/p&gt;
                                                                &lt;p class="card-text"&gt;
                                                                        Object-Oriented Programming Languages
                                                                    &lt;/p&gt;
                                                                &lt;p class="card-text"&gt;
                                                                        Soft computing
                                                                    &lt;/p&gt;
                                                                &lt;p class="card-text"&gt;
                                                                        Software Engineering
                                                                    &lt;/p&gt;
                                                            &lt;/div&gt;

                        &lt;/div&gt;

                    &lt;/div&gt;
                &lt;/div&gt;
            &lt;/div&gt;
        &lt;/a&gt;
                &lt;a href=" https://cs0404.cpkkuhost.com/detail/eyJpdiI6Ii9mUHN4THp0YTR6ekppdG02VGlwdUE9PSIsInZhbHVlIjoiTnJGUHdHd2xXOEtHOWRkdnVCSXM1dz09IiwibWFjIjoiNDQ5MWJiYzRiN2MyNTQxZDE2Y2U4Zjc4MDllMGMwNWM3MWE1MTU0NGJmYjZlMzZiNzgzYmY2MzlhMjM3MjA1NSIsInRhZyI6IiJ9"&gt;
            &lt;div class="card mb-3"&gt;
                &lt;div class="row g-0"&gt;
                    &lt;div class="col-sm-4"&gt;
                        &lt;img class="card-image" src="https://cs0404.cpkkuhost.com/images/imag_user/Sirapat.jpg" alt=""&gt;
                    &lt;/div&gt;
                    &lt;div class="col-sm-8 overflow-hidden" style="text-overflow: clip;  max-height: 220px; "&gt;
                        &lt;div class="card-body"&gt;

                                                                                    &lt;h5 class="card-title"&gt;Associate Professor Sirapat Chiewchanwattana, Ph.D.&lt;/h5&gt;
                            
                            
                            &lt;p class="card-text-1"&gt;Research interests&lt;/p&gt;
                            &lt;div class="card-expertise"&gt;
                                                                &lt;p class="card-text"&gt;
                                                                        Artificial Neural Network
                                                                    &lt;/p&gt;
                                                                &lt;p class="card-text"&gt;
                                                                        Computational Intelligence
                                                                    &lt;/p&gt;
                                                                &lt;p class="card-text"&gt;
                                                                        Data science and Artificial Intelligence
                                                                    &lt;/p&gt;
                                                                &lt;p class="card-text"&gt;
                                                                        Machine Learning and Intelligent Systems
                                                                    &lt;/p&gt;
                                                                &lt;p class="card-text"&gt;
                                                                        Nature-Inspired Optimization Algorithm
                                                                    &lt;/p&gt;
                                                            &lt;/div&gt;

                        &lt;/div&gt;

                    &lt;/div&gt;
                &lt;/div&gt;
            &lt;/div&gt;
        &lt;/a&gt;
                &lt;a href=" https://cs0404.cpkkuhost.com/detail/eyJpdiI6Im10NU1penFiVTRqK0E2T3RVc0FjclE9PSIsInZhbHVlIjoiaTgwNTZtT2VzUGxneWZ1RFZKbzNWQT09IiwibWFjIjoiMTIxZWY2MWM5MzczY2RkMjNiNGZiY2VkYmU5NjY1ZDQ4OTQ0YmJiYzg1MzQ2NDA0Yzg5ZTdiN2ViNzlhYTZkMyIsInRhZyI6IiJ9"&gt;
            &lt;div class="card mb-3"&gt;
                &lt;div class="row g-0"&gt;
                    &lt;div class="col-sm-4"&gt;
                        &lt;img class="card-image" src="https://cs0404.cpkkuhost.com/images/imag_user/Chitsutha.jpg" alt=""&gt;
                    &lt;/div&gt;
                    &lt;div class="col-sm-8 overflow-hidden" style="text-overflow: clip;  max-height: 220px; "&gt;
                        &lt;div class="card-body"&gt;

                                                                                    &lt;h5 class="card-title"&gt;Assistant Professor Chitsutha Soomlek, Ph.D.&lt;/h5&gt;
                            
                            
                            &lt;p class="card-text-1"&gt;Research interests&lt;/p&gt;
                            &lt;div class="card-expertise"&gt;
                                                                &lt;p class="card-text"&gt;
                                                                        Code Smells and Software Quality
                                                                    &lt;/p&gt;
                                                                &lt;p class="card-text"&gt;
                                                                        Computer Network Security
                                                                    &lt;/p&gt;
                                                                &lt;p class="card-text"&gt;
                                                                        Mobile Agent and Multi-Agent Systems
                                                                    &lt;/p&gt;
                                                                &lt;p class="card-text"&gt;
                                                                        Secure Software Engineering
                                                                    &lt;/p&gt;
                                                                &lt;p class="card-text"&gt;
                                                                        Software Engineering
                                                                    &lt;/p&gt;
                                                                &lt;p class="card-text"&gt;
                                                                        Software Process 
                                                                    &lt;/p&gt;
                                                            &lt;/div&gt;

                        &lt;/div&gt;

                    &lt;/div&gt;
                &lt;/div&gt;
            &lt;/div&gt;
        &lt;/a&gt;
                &lt;a href=" https://cs0404.cpkkuhost.com/detail/eyJpdiI6InMvWUJFZTU2MG5YVTMyblJOWkNnT2c9PSIsInZhbHVlIjoicVppV3hrSVRCSUthSmxNaXJ0YWdrQT09IiwibWFjIjoiNTZmOGFlNzBjNGU1ODI2MjlhNTBmMDdkN2FhYWRmNTZkYjc1NDdjYTEyZWFhYTIzNDUzYTdhZjc3NjRkYjk5MSIsInRhZyI6IiJ9"&gt;
            &lt;div class="card mb-3"&gt;
                &lt;div class="row g-0"&gt;
                    &lt;div class="col-sm-4"&gt;
                        &lt;img class="card-image" src="https://cs0404.cpkkuhost.com/images/imag_user/Khamron.jpg" alt=""&gt;
                    &lt;/div&gt;
                    &lt;div class="col-sm-8 overflow-hidden" style="text-overflow: clip;  max-height: 220px; "&gt;
                        &lt;div class="card-body"&gt;

                                                                                    &lt;h5 class="card-title"&gt;Assistant Professor Khamron Sunat, Ph.D.&lt;/h5&gt;
                            
                            
                            &lt;p class="card-text-1"&gt;Research interests&lt;/p&gt;
                            &lt;div class="card-expertise"&gt;
                                                                &lt;p class="card-text"&gt;
                                                                        Computational Intelligence
                                                                    &lt;/p&gt;
                                                                &lt;p class="card-text"&gt;
                                                                        Data science and Artificial Intelligence
                                                                    &lt;/p&gt;
                                                                &lt;p class="card-text"&gt;
                                                                        Machine Learning and Intelligent Systems
                                                                    &lt;/p&gt;
                                                                &lt;p class="card-text"&gt;
                                                                        Nature-Inspired Optimization Algorithm
                                                                    &lt;/p&gt;
                                                            &lt;/div&gt;

                        &lt;/div&gt;

                    &lt;/div&gt;
                &lt;/div&gt;
            &lt;/div&gt;
        &lt;/a&gt;
                &lt;a href=" https://cs0404.cpkkuhost.com/detail/eyJpdiI6InNBajF1MnBMZk1mZGIzY3hsUmk2bUE9PSIsInZhbHVlIjoiMUh5czdHaFREMnFMc3VDU0lUaEUxZz09IiwibWFjIjoiNjhjNmM4NGJlY2I3ZWQyMjNmODMzYTFlZDBhODdhYTYyMWZmMmEzYmVlNDFhYjIzNWE4ZjgwOTViYjQ2YzMwMSIsInRhZyI6IiJ9"&gt;
            &lt;div class="card mb-3"&gt;
                &lt;div class="row g-0"&gt;
                    &lt;div class="col-sm-4"&gt;
                        &lt;img class="card-image" src="https://cs0404.cpkkuhost.com/images/imag_user/UIMG_2022042062603ba0c13da.jpg" alt=""&gt;
                    &lt;/div&gt;
                    &lt;div class="col-sm-8 overflow-hidden" style="text-overflow: clip;  max-height: 220px; "&gt;
                        &lt;div class="card-body"&gt;

                                                                                    &lt;h5 class="card-title"&gt;Assistant Professor Pusadee Seresangtakul, Ph.D.&lt;/h5&gt;
                            
                            
                            &lt;p class="card-text-1"&gt;Research interests&lt;/p&gt;
                            &lt;div class="card-expertise"&gt;
                                                                &lt;p class="card-text"&gt;
                                                                        Data science and Artificial Intelligence
                                                                    &lt;/p&gt;
                                                                &lt;p class="card-text"&gt;
                                                                        Database and Information Integration Systems
                                                                    &lt;/p&gt;
                                                                &lt;p class="card-text"&gt;
                                                                        Machine Learning and Intelligent Systems
                                                                    &lt;/p&gt;
                                                                &lt;p class="card-text"&gt;
                                                                        Natural Language and Speech Processing
                                                                    &lt;/p&gt;
                                                            &lt;/div&gt;

                        &lt;/div&gt;

                    &lt;/div&gt;
                &lt;/div&gt;
            &lt;/div&gt;
        &lt;/a&gt;
                &lt;a href=" https://cs0404.cpkkuhost.com/detail/eyJpdiI6IktMRzJ6b2xROGE5TDB4aVpSOWlmWmc9PSIsInZhbHVlIjoieVFWVzFtU3E4RFJVbnl4WTJYaVd0QT09IiwibWFjIjoiOTg4OGEzY2QyM2I1MjMzYmIxMWQ5M2U0ODhjNWNlNTgxZjRlYjNlOWZiNGIxZjdjYjJmODc1ZDhiMmQxNWM3NiIsInRhZyI6IiJ9"&gt;
            &lt;div class="card mb-3"&gt;
                &lt;div class="row g-0"&gt;
                    &lt;div class="col-sm-4"&gt;
                        &lt;img class="card-image" src="https://cs0404.cpkkuhost.com/images/imag_user/Silada.jpg" alt=""&gt;
                    &lt;/div&gt;
                    &lt;div class="col-sm-8 overflow-hidden" style="text-overflow: clip;  max-height: 220px; "&gt;
                        &lt;div class="card-body"&gt;

                                                                                    &lt;h5 class="card-title"&gt;Assistant Professor Silada Intarasothonchun, Ph.D.&lt;/h5&gt;
                            
                            
                            &lt;p class="card-text-1"&gt;Research interests&lt;/p&gt;
                            &lt;div class="card-expertise"&gt;
                                                                &lt;p class="card-text"&gt;
                                                                        Cloud computing
                                                                    &lt;/p&gt;
                                                                &lt;p class="card-text"&gt;
                                                                        Computer and Network Security
                                                                    &lt;/p&gt;
                                                                &lt;p class="card-text"&gt;
                                                                        Internet of Things and Smart Technology
                                                                    &lt;/p&gt;
                                                                &lt;p class="card-text"&gt;
                                                                        Mobile Computing
                                                                    &lt;/p&gt;
                                                                &lt;p class="card-text"&gt;
                                                                        Network, Protocol, Optimization, and Intelligent Systems
                                                                    &lt;/p&gt;
                                                                &lt;p class="card-text"&gt;
                                                                        Wireless Sensor Networks
                                                                    &lt;/p&gt;
                                                                &lt;p class="card-text"&gt;
                                                                        Wireless and Cellular Networks
                                                                    &lt;/p&gt;
                                                            &lt;/div&gt;

                        &lt;/div&gt;

                    &lt;/div&gt;
                &lt;/div&gt;
            &lt;/div&gt;
        &lt;/a&gt;
                &lt;a href=" https://cs0404.cpkkuhost.com/detail/eyJpdiI6ImNYTytUdmxDZ0ZkalBFbWNmeXpLV0E9PSIsInZhbHVlIjoiVUNuZ0hYSktaS1VSL0lLbnhCWm9rQT09IiwibWFjIjoiNjhiZWE4NzIyYjdjYmIyNzZjZTU4NzAwMzc1MmEyZTE5YTZhMGQ4ZGQ3ZWQ1OTRlMDA4ZDBjNmUyYzIyMWU2YiIsInRhZyI6IiJ9"&gt;
            &lt;div class="card mb-3"&gt;
                &lt;div class="row g-0"&gt;
                    &lt;div class="col-sm-4"&gt;
                        &lt;img class="card-image" src="https://cs0404.cpkkuhost.com/images/imag_user/Urachart.jpg" alt=""&gt;
                    &lt;/div&gt;
                    &lt;div class="col-sm-8 overflow-hidden" style="text-overflow: clip;  max-height: 220px; "&gt;
                        &lt;div class="card-body"&gt;

                                                                                    &lt;h5 class="card-title"&gt;Assistant Professor Urachart Kokaew, Ph.D.&lt;/h5&gt;
                            
                            
                            &lt;p class="card-text-1"&gt;Research interests&lt;/p&gt;
                            &lt;div class="card-expertise"&gt;
                                                                &lt;p class="card-text"&gt;
                                                                        Bioinformatics
                                                                    &lt;/p&gt;
                                                                &lt;p class="card-text"&gt;
                                                                        Ubiquitous Learning, Blended Learning
                                                                    &lt;/p&gt;
                                                                &lt;p class="card-text"&gt;
                                                                        User Experience Design
                                                                    &lt;/p&gt;
                                                            &lt;/div&gt;

                        &lt;/div&gt;

                    &lt;/div&gt;
                &lt;/div&gt;
            &lt;/div&gt;
        &lt;/a&gt;
                &lt;a href=" https://cs0404.cpkkuhost.com/detail/eyJpdiI6Ii8wTTAxZndIcUZkbEZ5SmdoTC9RU1E9PSIsInZhbHVlIjoiaGs5L2w0L1pZZWpuRGprdnl4dmVVdz09IiwibWFjIjoiNGI5NmFhN2E5OWI4OWEzN2U1ODQ2YzMzZDBhY2Y4ZTIyM2YxMzUxNzAwZGQ2MDdjOTBkMjkzZTQ3OTkxYTExMiIsInRhZyI6IiJ9"&gt;
            &lt;div class="card mb-3"&gt;
                &lt;div class="row g-0"&gt;
                    &lt;div class="col-sm-4"&gt;
                        &lt;img class="card-image" src="https://cs0404.cpkkuhost.com/images/imag_user/Boonsup.jpg" alt=""&gt;
                    &lt;/div&gt;
                    &lt;div class="col-sm-8 overflow-hidden" style="text-overflow: clip;  max-height: 220px; "&gt;
                        &lt;div class="card-body"&gt;

                                                                                    &lt;h5 class="card-title"&gt;Assistant Professor Boonsup Waikham&lt;/h5&gt;
                            
                            
                            &lt;p class="card-text-1"&gt;Research interests&lt;/p&gt;
                            &lt;div class="card-expertise"&gt;
                                                                &lt;p class="card-text"&gt;
                                                                        Evolutionary Algorithms
                                                                    &lt;/p&gt;
                                                                &lt;p class="card-text"&gt;
                                                                        Internet of Things and Smart Technologies
                                                                    &lt;/p&gt;
                                                                &lt;p class="card-text"&gt;
                                                                        Mobile Ad Hoc Networks
                                                                    &lt;/p&gt;
                                                                &lt;p class="card-text"&gt;
                                                                        Routing Protocols and Internetworking
                                                                    &lt;/p&gt;
                                                            &lt;/div&gt;

                        &lt;/div&gt;

                    &lt;/div&gt;
                &lt;/div&gt;
            &lt;/div&gt;
        &lt;/a&gt;
                &lt;a href=" https://cs0404.cpkkuhost.com/detail/eyJpdiI6ImUxYndVaFBNVXhOTGl5ODRuSi9EVnc9PSIsInZhbHVlIjoiemlnemd0Y0tiNHM0enBZc0dNSitwdz09IiwibWFjIjoiMGVhNzZhODY2NjVhMzY3M2E1MGZlNThjZWU3ZGRjOGRkZmE2YWEyYTJhZTg3OGQ1NzA0ZTIxM2JiZjZkZDYyNyIsInRhZyI6IiJ9"&gt;
            &lt;div class="card mb-3"&gt;
                &lt;div class="row g-0"&gt;
                    &lt;div class="col-sm-4"&gt;
                        &lt;img class="card-image" src="https://cs0404.cpkkuhost.com/images/imag_user/Sunti.jpg" alt=""&gt;
                    &lt;/div&gt;
                    &lt;div class="col-sm-8 overflow-hidden" style="text-overflow: clip;  max-height: 220px; "&gt;
                        &lt;div class="card-body"&gt;

                                                                                    &lt;h5 class="card-title"&gt;Assistant Professor Sunti Tintanai&lt;/h5&gt;
                            
                            
                            &lt;p class="card-text-1"&gt;Research interests&lt;/p&gt;
                            &lt;div class="card-expertise"&gt;
                                                            &lt;/div&gt;

                        &lt;/div&gt;

                    &lt;/div&gt;
                &lt;/div&gt;
            &lt;/div&gt;
        &lt;/a&gt;
                &lt;a href=" https://cs0404.cpkkuhost.com/detail/eyJpdiI6Ikw0akxRWVgyR0czdG4wa1ZIYTFFa3c9PSIsInZhbHVlIjoiWjF5MUMwc0pDT2FteGpRVWRPWGNpdz09IiwibWFjIjoiZTA5YWQ3MWRhYTE0MTRjMGU5NzA5ZDExZDdiZDU1Y2M0Yjk3NGQ2MTYxMDkwMzZmZTk4ZWRkNzZjOGMyYjMzZiIsInRhZyI6IiJ9"&gt;
            &lt;div class="card mb-3"&gt;
                &lt;div class="row g-0"&gt;
                    &lt;div class="col-sm-4"&gt;
                        &lt;img class="card-image" src="https://cs0404.cpkkuhost.com/images/imag_user/UIMG_20220501626e4ded3350b.jpg" alt=""&gt;
                    &lt;/div&gt;
                    &lt;div class="col-sm-8 overflow-hidden" style="text-overflow: clip;  max-height: 220px; "&gt;
                        &lt;div class="card-body"&gt;

                                                                                    &lt;h5 class="card-title"&gt;Lecturer Praisan Padungweang, Ph.D.&lt;/h5&gt;
                            
                            
                            &lt;p class="card-text-1"&gt;Research interests&lt;/p&gt;
                            &lt;div class="card-expertise"&gt;
                                                                &lt;p class="card-text"&gt;
                                                                        Artificial Intelligence
                                                                    &lt;/p&gt;
                                                                &lt;p class="card-text"&gt;
                                                                        Big Data Analytics
                                                                    &lt;/p&gt;
                                                                &lt;p class="card-text"&gt;
                                                                        Computer Vision
                                                                    &lt;/p&gt;
                                                                &lt;p class="card-text"&gt;
                                                                        Data science
                                                                    &lt;/p&gt;
                                                                &lt;p class="card-text"&gt;
                                                                        Deep Learning
                                                                    &lt;/p&gt;
                                                                &lt;p class="card-text"&gt;
                                                                        Machine learning
                                                                    &lt;/p&gt;
                                                            &lt;/div&gt;

                        &lt;/div&gt;

                    &lt;/div&gt;
                &lt;/div&gt;
            &lt;/div&gt;
        &lt;/a&gt;
                &lt;a href=" https://cs0404.cpkkuhost.com/detail/eyJpdiI6IklRbDBZTDd3TVo3cnYvakY2SkptNXc9PSIsInZhbHVlIjoiZVN6NG9neTFkQzdsSUhhWE52aU1BZz09IiwibWFjIjoiMDRmOGJhODAyOTBhZmNjNGVlNGY4ZGViNjVkYTQ4NGE1ZDI2NjhiYjEzOTQxODRmMWQ5NGNjOTM3NmM3ZWQ2MCIsInRhZyI6IiJ9"&gt;
            &lt;div class="card mb-3"&gt;
                &lt;div class="row g-0"&gt;
                    &lt;div class="col-sm-4"&gt;
                        &lt;img class="card-image" src="https://cs0404.cpkkuhost.com/images/imag_user/Wachirawut.jpg" alt=""&gt;
                    &lt;/div&gt;
                    &lt;div class="col-sm-8 overflow-hidden" style="text-overflow: clip;  max-height: 220px; "&gt;
                        &lt;div class="card-body"&gt;

                                                                                    &lt;h5 class="card-title"&gt;Lecturer Wachirawut Thamviset, Ph.D.&lt;/h5&gt;
                            
                            
                            &lt;p class="card-text-1"&gt;Research interests&lt;/p&gt;
                            &lt;div class="card-expertise"&gt;
                                                                &lt;p class="card-text"&gt;
                                                                        Information Extraction and Integration
                                                                    &lt;/p&gt;
                                                                &lt;p class="card-text"&gt;
                                                                        Internet and Web Information Systems
                                                                    &lt;/p&gt;
                                                                &lt;p class="card-text"&gt;
                                                                        Object Oriented Programming
                                                                    &lt;/p&gt;
                                                            &lt;/div&gt;

                        &lt;/div&gt;

                    &lt;/div&gt;
                &lt;/div&gt;
            &lt;/div&gt;
        &lt;/a&gt;
                &lt;a href=" https://cs0404.cpkkuhost.com/detail/eyJpdiI6Imt1QVdBdXNReldtRHRVek93TGhDMkE9PSIsInZhbHVlIjoiQm5wUldTakdxeVhOc3cxQmdKSTBEZz09IiwibWFjIjoiN2QzMjEzN2I1MzgxMGE5ZTcxNjJiYjFhNzRlZDhkN2FiZDJjMmViMTMzMGM2NDQ4MzI3M2MxNGFiMjZmY2Q3MCIsInRhZyI6IiJ9"&gt;
            &lt;div class="card mb-3"&gt;
                &lt;div class="row g-0"&gt;
                    &lt;div class="col-sm-4"&gt;
                        &lt;img class="card-image" src="https://cs0404.cpkkuhost.com/images/imag_user/UIMG_20220501626e4c03d2e6a.jpg" alt=""&gt;
                    &lt;/div&gt;
                    &lt;div class="col-sm-8 overflow-hidden" style="text-overflow: clip;  max-height: 220px; "&gt;
                        &lt;div class="card-body"&gt;

                                                                                    &lt;h5 class="card-title"&gt;Lecturer Thanaphon Tangchoopong&lt;/h5&gt;
                            
                            
                            &lt;p class="card-text-1"&gt;Research interests&lt;/p&gt;
                            &lt;div class="card-expertise"&gt;
                                                                &lt;p class="card-text"&gt;
                                                                        Artificial Intelligence
                                                                    &lt;/p&gt;
                                                                &lt;p class="card-text"&gt;
                                                                        Complex Adaptive System
                                                                    &lt;/p&gt;
                                                                &lt;p class="card-text"&gt;
                                                                        Information Theory
                                                                    &lt;/p&gt;
                                                                &lt;p class="card-text"&gt;
                                                                        Machine Learning
                                                                    &lt;/p&gt;
                                                                &lt;p class="card-text"&gt;
                                                                        Social Network Analysis
                                                                    &lt;/p&gt;
                                                                &lt;p class="card-text"&gt;
                                                                        Temporal Causality Analysis
                                                                    &lt;/p&gt;
                                                            &lt;/div&gt;

                        &lt;/div&gt;

                    &lt;/div&gt;
                &lt;/div&gt;
            &lt;/div&gt;
        &lt;/a&gt;
                    &lt;/div&gt;
&lt;/div&gt;

    
    &lt;footer class="footer"&gt;
        &lt;div class="d-sm-flex justify-content-center justify-content-sm-between"&gt;
        &lt;/div&gt;
    &lt;/footer&gt;


&lt;/body&gt;&lt;/html&gt;</msg>
<arg>HTML Source: ${html_source}</arg>
<doc>Logs the given message with the given level.</doc>
<status status="PASS" start="2025-03-12T21:09:20.052102" elapsed="0.003006"/>
</kw>
<for flavor="IN">
<iter>
<kw name="Should Contain" owner="BuiltIn">
<msg time="2025-03-12T21:09:20.058149" level="FAIL">'&lt;html lang="en" class="hydrated"&gt;&lt;head&gt;
    &lt;meta charset="UTF-8"&gt;&lt;style data-styles=""&gt;ion-icon{visibility:hidden}.hydrated{visibility:inherit}&lt;/style&gt;
    &lt;meta name="viewport" content="width=device-width, initial-scale=1.0"&gt;
    &lt;meta http-equiv="X-UA-Compatible" content="ie=edge"&gt;
    &lt;title&gt;ระบบข้อมูลงานวิจัย วิทยาลัยการคอมพิวเตอร์&lt;/title&gt;
    &lt;base href="https://cs0404.cpkkuhost.com"&gt;
    &lt;link href="img/Newlogo.png" rel="shortcut icon" type="image/x-icon"&gt;

    &lt;link href="https://cs0404.cpkkuhost.com/css/app.css" rel="stylesheet"&gt;

    &lt;link href="https://cs0404.cpkkuhost.com/css/load-more-button.css" rel="stylesheet"&gt;

    &lt;script src="https://cs0404.cpkkuhost.com/js/app.js"&gt;&lt;/script&gt;

    &lt;link rel="stylesheet" href="https://cs0404.cpkkuhost.com/vendor/bootstrap/css/bootstrap.min.css"&gt;
    &lt;script src="https://cs0404.cpkkuhost.com/js/jquery-3.6.0.min.js"&gt;&lt;/script&gt;

    &lt;script src="https://cs0404.cpkkuhost.com/vendor/bootstrap/js/bootstrap.min.js"&gt;&lt;/script&gt;
    &lt;link rel="stylesheet" href="https://cdnjs.cloudflare.com/ajax/libs/font-awesome/4.7.0/css/font-awesome.min.css"&gt;
    &lt;link rel="stylesheet" href="https://cs0404.cpkkuhost.com/vendors/mdi/css/materialdesignicons.min.css"&gt;
    &lt;link rel="stylesheet" href="https://cs0404.cpkkuhost.com/vendors/ti-icons/css/themify-icons.css"&gt;
    &lt;link rel="stylesheet" href="https://cs0404.cpkkuhost.com/vendors/typicons/typicons.css"&gt;
    &lt;link rel="stylesheet" href="https://cs0404.cpkkuhost.com/vendors/simple-line-icons/css/simple-line-icons.css"&gt;
    &lt;!-- datatable --&gt;
    &lt;!-- &lt;link rel="stylesheet" type="text/css" href="https://cdnjs.cloudflare.com/ajax/libs/twitter-bootstrap/5.0.1/css/bootstrap.css" /&gt;
    &lt;link rel="stylesheet" type="text/css" href="https://cdn.datatables.net/1.11.3/css/dataTables.bootstrap5.css" /&gt;
    &lt;link rel="stylesheet" type="text/css" href="https://cdn.datatables.net/responsive/2.2.9/css/responsive.bootstrap5.css" /&gt; --&gt;

    &lt;!-- &lt;script src="https://code.jquery.com/jquery-3.5.1.js" defer&gt;&lt;/script&gt; --&gt;
    &lt;!--&lt;script src="https://cdn.datatables.net/1.11.4/js/jquery.dataTables.min.js" defer&gt;&lt;/script&gt;
    &lt;script src="https://cdn.datatables.net/1.11.4/js/dataTables.bootstrap5.min.js" defer&gt;&lt;/script&gt; --&gt;



    &lt;link rel="stylesheet" type="text/css" href="https://cdnjs.cloudflare.com/ajax/libs/twitter-bootstrap/5.0.1/css/bootstrap.css"&gt;
    &lt;link rel="stylesheet" type="text/css" href="https://cdn.datatables.net/1.11.3/css/dataTables.bootstrap5.css"&gt;
    &lt;link rel="stylesheet" type="text/css" href="https://cdn.datatables.net/responsive/2.2.9/css/responsive.bootstrap5.css"&gt;


    &lt;link href="https://cdnjs.cloudflare.com/ajax/libs/flag-icon-css/3.1.0/css/flag-icon.min.css" rel="stylesheet"&gt;
    &lt;script type="module" src="https://unpkg.com/ionicons@5.5.2/dist/ionicons/ionicons.esm.js"&gt;&lt;/script&gt;
    &lt;script nomodule="" src="https://unpkg.com/ionicons@5.5.2/dist/ionicons/ionicons.js"&gt;&lt;/script&gt;
    &lt;link rel="stylesheet" href="https://fonts.googleapis.com/icon?family=Material+Icons"&gt;

    &lt;link rel="stylesheet" href="https://cs0404.cpkkuhost.com/css/style.css"&gt;



&lt;/head&gt;

&lt;body&gt;
    &lt;!-- Navigation --&gt;
    &lt;nav id="navbar" class="navbar navbar-expand-lg navbar-light"&gt;
        &lt;div class="container-fluid"&gt;
            &lt;a class="navbar-brand logo-image" href="#"&gt;
                                &lt;img src="https://cs0404.cpkkuhost.com/img/logo2-en.png" alt="alternative"&gt;
                                &lt;button class="navbar-toggler" type="button" data-bs-toggle="collapse" data-bs-target="#collapsibleNavbar" aria-controls="navbarNav" aria-expanded="false" aria-label="Toggle navigation"&gt;
                    &lt;span class="navbar-toggler-icon"&gt;&lt;/span&gt;
                &lt;/button&gt;
                &lt;/a&gt;&lt;div class="collapse navbar-collapse" id="collapsibleNavbar"&gt;&lt;a class="navbar-brand logo-image" href="#"&gt;
                    &lt;/a&gt;&lt;ul class="navbar-nav ms-auto navbar-nav-scroll"&gt;&lt;a class="navbar-brand logo-image" href="#"&gt;
                        &lt;/a&gt;&lt;li class="nav-item d-flex align-items-center "&gt;&lt;a class="navbar-brand logo-image" href="#"&gt;
                            &lt;/a&gt;&lt;a class="nav-link" href="/" id="home"&gt;Home&lt;/a&gt;
                        &lt;/li&gt;

                        &lt;li class="nav-item dropdown active  "&gt;
                            &lt;a class="nav-link dropdown-toggle" id="navbarDropdown" role="button" data-bs-toggle="dropdown" aria-expanded="false"&gt;
                                Researchers
                            &lt;/a&gt;
                            &lt;ul class="dropdown-menu" aria-labelledby="navbarDropdown"&gt;
                                                                &lt;li&gt;
                                    &lt;a class="dropdown-item" href="https://cs0404.cpkkuhost.com/researchers/1"&gt;
                                                                                Computer Science
                                                                            &lt;/a&gt;
                                &lt;/li&gt;
                                                                &lt;li&gt;
                                    &lt;a class="dropdown-item" href="https://cs0404.cpkkuhost.com/researchers/2"&gt;
                                                                                Infomation Technology
                                                                            &lt;/a&gt;
                                &lt;/li&gt;
                                                                &lt;li&gt;
                                    &lt;a class="dropdown-item" href="https://cs0404.cpkkuhost.com/researchers/3"&gt;
                                                                                Geo-Informatics
                                                                            &lt;/a&gt;
                                &lt;/li&gt;
                                                            &lt;/ul&gt;
                        &lt;/li&gt;
                        &lt;li class="nav-item  "&gt;
                            &lt;a class="nav-link" href="/researchproject"&gt;Research Project&lt;/a&gt;
                        &lt;/li&gt;
                        &lt;li class="nav-item   "&gt;
                            &lt;a class="nav-link" href="/researchgroup"&gt;Research Group&lt;/a&gt;
                        &lt;/li&gt;
                        &lt;li class="nav-item "&gt;
                            &lt;a class="nav-link" href="/reports"&gt;Reports&lt;/a&gt;
                        &lt;/li&gt;
                        &lt;li class="nav-item dropdown show"&gt;
                            &lt;a class="nav-link dropdown-toggle" href="#" id="navbarDropdownMenuLink" data-toggle="dropdown" aria-haspopup="true" aria-expanded="true"&gt;
                                &lt;span class="flag-icon flag-icon-us"&gt;&lt;/span&gt;
                                English
                            &lt;/a&gt;
                            &lt;div class="dropdown-menu show" aria-labelledby="navbarDropdownMenuLink"&gt;
                                                                                                                                                                &lt;a class="dropdown-item" id="language-th" href="https://cs0404.cpkkuhost.com/lang/th"&gt;
                                    &lt;span class="flag-icon flag-icon-th"&gt;&lt;/span&gt;
                                    ไทย
                                &lt;/a&gt;
                                                                                                                                &lt;a class="dropdown-item" id="language-zh" href="https://cs0404.cpkkuhost.com/lang/zh"&gt;
                                    &lt;span class="flag-icon flag-icon-cn"&gt;&lt;/span&gt;
                                    中文
                                &lt;/a&gt;
                                                                                            &lt;/div&gt;
                        &lt;/li&gt;
                    &lt;/ul&gt;
                                                            &lt;span class="nav-item"&gt;
                        &lt;a class="btn-solid-sm" href="/login" target="_blank" id="btn-login"&gt;Login&lt;/a&gt;
                    &lt;/span&gt;
                                                        &lt;/div&gt; &lt;!-- end of navbar-collapse --&gt;
        &lt;/div&gt; &lt;!-- end of container --&gt;
    &lt;/nav&gt; &lt;!-- end of navbar --&gt;
    &lt;!-- end of navigation --&gt;
    &lt;div class="container card-2"&gt;
    &lt;p class="title"&gt;Researchers&lt;/p&gt;
        &lt;span&gt;
                &lt;ion-icon name="caret-forward-outline" size="small" role="img" class="md icon-small hydrated" aria-label="caret forward outline"&gt;&lt;/ion-icon&gt; Computer Science
            &lt;/span&gt;

    &lt;div class="d-flex"&gt;
        &lt;div class="ml-auto"&gt;
            &lt;form class="row row-cols-lg-auto g-3" method="GET" action="https://cs0404.cpkkuhost.com/researchers/1/search"&gt;
                &lt;div class="col-md-8"&gt;
                    &lt;div class="input-group"&gt;
                        &lt;input type="text" class="form-control" name="textsearch" placeholder="Search"&gt;
                    &lt;/div&gt;
                &lt;/div&gt;
                &lt;!-- &lt;div class="col-12"&gt;
                        &lt;label class="visually-hidden" for="inlineFormSelectPref"&gt;Preference&lt;/label&gt;
                        &lt;select class="form-select" id="inlineFormSelectPref"&gt;
                            &lt;option selected&gt; Choose...&lt;/option&gt;
                            &lt;option value="1"&gt;One&lt;/option&gt;
                            &lt;option value="2"&gt;Two&lt;/option&gt;
                            &lt;option value="3"&gt;Three&lt;/option&gt;
                        &lt;/select&gt;
                    &lt;/div&gt; --&gt;
                &lt;div class="col-md-4"&gt;
                    &lt;button type="submit" class="btn btn-outline-primary"&gt;Search&lt;/button&gt;
                &lt;/div&gt;
            &lt;/form&gt;
        &lt;/div&gt;
    &lt;/div&gt;


    &lt;div class="row row-cols-1 row-cols-md-2 g-0"&gt;
                &lt;a href=" https://cs0404.cpkkuhost.com/detail/eyJpdiI6Ijd1UFU3SnB1eTVwTHQ5WjlvSzZudkE9PSIsInZhbHVlIjoib042WEFHMG1Ma1FLcjZrM016RzkvZz09IiwibWFjIjoiZDAzZjA0YzIxZTFiZDliZDFjM2NkYWViNTEzODZkNWJhZTYwMDRhNGY2NzI4ZWIwZjU0OWM4M2MyZjJlZTg3MSIsInRhZyI6IiJ9"&gt;
            &lt;div class="card mb-3"&gt;
                &lt;div class="row g-0"&gt;
                    &lt;div class="col-sm-4"&gt;
                        &lt;img class="card-image" src="https://cs0404.cpkkuhost.com/images/imag_user/Formal_Sartra.jpg" alt=""&gt;
                    &lt;/div&gt;
                    &lt;div class="col-sm-8 overflow-hidden" style="text-overflow: clip;  max-height: 220px; "&gt;
                        &lt;div class="card-body"&gt;

                                                                                    &lt;h5 class="card-title"&gt;Professor Sartra Wongthanavasu, Ph.D.&lt;/h5&gt;
                            
                            
                            &lt;p class="card-text-1"&gt;Research interests&lt;/p&gt;
                            &lt;div class="card-expertise"&gt;
                                                                &lt;p class="card-text"&gt;
                                                                        Big Data Analytics
                                                                    &lt;/p&gt;
                                                                &lt;p class="card-text"&gt;
                                                                        Cellular Automata
                                                                    &lt;/p&gt;
                                                                &lt;p class="card-text"&gt;
                                                                        Computer Vision
                                                                    &lt;/p&gt;
                                                            &lt;/div&gt;

                        &lt;/div&gt;

                    &lt;/div&gt;
                &lt;/div&gt;
            &lt;/div&gt;
        &lt;/a&gt;
                &lt;a href=" https://cs0404.cpkkuhost.com/detail/eyJpdiI6Ikd0c2N3MGwybEVjSC8waWNFbzBJaEE9PSIsInZhbHVlIjoiU2RhTU1sRDd1NG4vaTl3L2orb1RDUT09IiwibWFjIjoiNGQ0OGY2MWYzZmYyZmRlNDU2YzNkMGI3Mjc5YWRiZjkxOTU2Zjc5MmY0NzE4OGNiNzEwMzc5ZmMzMWNjZWRjMCIsInRhZyI6IiJ9"&gt;
            &lt;div class="card mb-3"&gt;
                &lt;div class="row g-0"&gt;
                    &lt;div class="col-sm-4"&gt;
                        &lt;img class="card-image" src="https://cs0404.cpkkuhost.com/images/imag_user/UIMG_20220407624e7e943c5cd.jpg" alt=""&gt;
                    &lt;/div&gt;
                    &lt;div class="col-sm-8 overflow-hidden" style="text-overflow: clip;  max-height: 220px; "&gt;
                        &lt;div class="card-body"&gt;

                                                                                    &lt;h5 class="card-title"&gt;Associate Professor Punyaphol Horata, Ph.D.&lt;/h5&gt;
                            
                            
                            &lt;p class="card-text-1"&gt;Research interests&lt;/p&gt;
                            &lt;div class="card-expertise"&gt;
                                                                &lt;p class="card-text"&gt;
                                                                        Machine Learning and Intelligent Systems
                                                                    &lt;/p&gt;
                                                                &lt;p class="card-text"&gt;
                                                                        Object-Oriented Programming Languages
                                                                    &lt;/p&gt;
                                                                &lt;p class="card-text"&gt;
                                                                        Soft computing
                                                                    &lt;/p&gt;
                                                                &lt;p class="card-text"&gt;
                                                                        Software Engineering
                                                                    &lt;/p&gt;
                                                            &lt;/div&gt;

                        &lt;/div&gt;

                    &lt;/div&gt;
                &lt;/div&gt;
            &lt;/div&gt;
        &lt;/a&gt;
                &lt;a href=" https://cs0404.cpkkuhost.com/detail/eyJpdiI6Ii9mUHN4THp0YTR6ekppdG02VGlwdUE9PSIsInZhbHVlIjoiTnJGUHdHd2xXOEtHOWRkdnVCSXM1dz09IiwibWFjIjoiNDQ5MWJiYzRiN2MyNTQxZDE2Y2U4Zjc4MDllMGMwNWM3MWE1MTU0NGJmYjZlMzZiNzgzYmY2MzlhMjM3MjA1NSIsInRhZyI6IiJ9"&gt;
            &lt;div class="card mb-3"&gt;
                &lt;div class="row g-0"&gt;
                    &lt;div class="col-sm-4"&gt;
                        &lt;img class="card-image" src="https://cs0404.cpkkuhost.com/images/imag_user/Sirapat.jpg" alt=""&gt;
                    &lt;/div&gt;
                    &lt;div class="col-sm-8 overflow-hidden" style="text-overflow: clip;  max-height: 220px; "&gt;
                        &lt;div class="card-body"&gt;

                                                                                    &lt;h5 class="card-title"&gt;Associate Professor Sirapat Chiewchanwattana, Ph.D.&lt;/h5&gt;
                            
                            
                            &lt;p class="card-text-1"&gt;Research interests&lt;/p&gt;
                            &lt;div class="card-expertise"&gt;
                                                                &lt;p class="card-text"&gt;
                                                                        Artificial Neural Network
                                                                    &lt;/p&gt;
                                                                &lt;p class="card-text"&gt;
                                                                        Computational Intelligence
                                                                    &lt;/p&gt;
                                                                &lt;p class="card-text"&gt;
                                                                        Data science and Artificial Intelligence
                                                                    &lt;/p&gt;
                                                                &lt;p class="card-text"&gt;
                                                                        Machine Learning and Intelligent Systems
                                                                    &lt;/p&gt;
                                                                &lt;p class="card-text"&gt;
                                                                        Nature-Inspired Optimization Algorithm
                                                                    &lt;/p&gt;
                                                            &lt;/div&gt;

                        &lt;/div&gt;

                    &lt;/div&gt;
                &lt;/div&gt;
            &lt;/div&gt;
        &lt;/a&gt;
                &lt;a href=" https://cs0404.cpkkuhost.com/detail/eyJpdiI6Im10NU1penFiVTRqK0E2T3RVc0FjclE9PSIsInZhbHVlIjoiaTgwNTZtT2VzUGxneWZ1RFZKbzNWQT09IiwibWFjIjoiMTIxZWY2MWM5MzczY2RkMjNiNGZiY2VkYmU5NjY1ZDQ4OTQ0YmJiYzg1MzQ2NDA0Yzg5ZTdiN2ViNzlhYTZkMyIsInRhZyI6IiJ9"&gt;
            &lt;div class="card mb-3"&gt;
                &lt;div class="row g-0"&gt;
                    &lt;div class="col-sm-4"&gt;
                        &lt;img class="card-image" src="https://cs0404.cpkkuhost.com/images/imag_user/Chitsutha.jpg" alt=""&gt;
                    &lt;/div&gt;
                    &lt;div class="col-sm-8 overflow-hidden" style="text-overflow: clip;  max-height: 220px; "&gt;
                        &lt;div class="card-body"&gt;

                                                                                    &lt;h5 class="card-title"&gt;Assistant Professor Chitsutha Soomlek, Ph.D.&lt;/h5&gt;
                            
                            
                            &lt;p class="card-text-1"&gt;Research interests&lt;/p&gt;
                            &lt;div class="card-expertise"&gt;
                                                                &lt;p class="card-text"&gt;
                                                                        Code Smells and Software Quality
                                                                    &lt;/p&gt;
                                                                &lt;p class="card-text"&gt;
                                                                        Computer Network Security
                                                                    &lt;/p&gt;
                                                                &lt;p class="card-text"&gt;
                                                                        Mobile Agent and Multi-Agent Systems
                                                                    &lt;/p&gt;
                                                                &lt;p class="card-text"&gt;
                                                                        Secure Software Engineering
                                                                    &lt;/p&gt;
                                                                &lt;p class="card-text"&gt;
                                                                        Software Engineering
                                                                    &lt;/p&gt;
                                                                &lt;p class="card-text"&gt;
                                                                        Software Process 
                                                                    &lt;/p&gt;
                                                            &lt;/div&gt;

                        &lt;/div&gt;

                    &lt;/div&gt;
                &lt;/div&gt;
            &lt;/div&gt;
        &lt;/a&gt;
                &lt;a href=" https://cs0404.cpkkuhost.com/detail/eyJpdiI6InMvWUJFZTU2MG5YVTMyblJOWkNnT2c9PSIsInZhbHVlIjoicVppV3hrSVRCSUthSmxNaXJ0YWdrQT09IiwibWFjIjoiNTZmOGFlNzBjNGU1ODI2MjlhNTBmMDdkN2FhYWRmNTZkYjc1NDdjYTEyZWFhYTIzNDUzYTdhZjc3NjRkYjk5MSIsInRhZyI6IiJ9"&gt;
            &lt;div class="card mb-3"&gt;
                &lt;div class="row g-0"&gt;
                    &lt;div class="col-sm-4"&gt;
                        &lt;img class="card-image" src="https://cs0404.cpkkuhost.com/images/imag_user/Khamron.jpg" alt=""&gt;
                    &lt;/div&gt;
                    &lt;div class="col-sm-8 overflow-hidden" style="text-overflow: clip;  max-height: 220px; "&gt;
                        &lt;div class="card-body"&gt;

                                                                                    &lt;h5 class="card-title"&gt;Assistant Professor Khamron Sunat, Ph.D.&lt;/h5&gt;
                            
                            
                            &lt;p class="card-text-1"&gt;Research interests&lt;/p&gt;
                            &lt;div class="card-expertise"&gt;
                                                                &lt;p class="card-text"&gt;
                                                                        Computational Intelligence
                                                                    &lt;/p&gt;
                                                                &lt;p class="card-text"&gt;
                                                                        Data science and Artificial Intelligence
                                                                    &lt;/p&gt;
                                                                &lt;p class="card-text"&gt;
                                                                        Machine Learning and Intelligent Systems
                                                                    &lt;/p&gt;
                                                                &lt;p class="card-text"&gt;
                                                                        Nature-Inspired Optimization Algorithm
                                                                    &lt;/p&gt;
                                                            &lt;/div&gt;

                        &lt;/div&gt;

                    &lt;/div&gt;
                &lt;/div&gt;
            &lt;/div&gt;
        &lt;/a&gt;
                &lt;a href=" https://cs0404.cpkkuhost.com/detail/eyJpdiI6InNBajF1MnBMZk1mZGIzY3hsUmk2bUE9PSIsInZhbHVlIjoiMUh5czdHaFREMnFMc3VDU0lUaEUxZz09IiwibWFjIjoiNjhjNmM4NGJlY2I3ZWQyMjNmODMzYTFlZDBhODdhYTYyMWZmMmEzYmVlNDFhYjIzNWE4ZjgwOTViYjQ2YzMwMSIsInRhZyI6IiJ9"&gt;
            &lt;div class="card mb-3"&gt;
                &lt;div class="row g-0"&gt;
                    &lt;div class="col-sm-4"&gt;
                        &lt;img class="card-image" src="https://cs0404.cpkkuhost.com/images/imag_user/UIMG_2022042062603ba0c13da.jpg" alt=""&gt;
                    &lt;/div&gt;
                    &lt;div class="col-sm-8 overflow-hidden" style="text-overflow: clip;  max-height: 220px; "&gt;
                        &lt;div class="card-body"&gt;

                                                                                    &lt;h5 class="card-title"&gt;Assistant Professor Pusadee Seresangtakul, Ph.D.&lt;/h5&gt;
                            
                            
                            &lt;p class="card-text-1"&gt;Research interests&lt;/p&gt;
                            &lt;div class="card-expertise"&gt;
                                                                &lt;p class="card-text"&gt;
                                                                        Data science and Artificial Intelligence
                                                                    &lt;/p&gt;
                                                                &lt;p class="card-text"&gt;
                                                                        Database and Information Integration Systems
                                                                    &lt;/p&gt;
                                                                &lt;p class="card-text"&gt;
                                                                        Machine Learning and Intelligent Systems
                                                                    &lt;/p&gt;
                                                                &lt;p class="card-text"&gt;
                                                                        Natural Language and Speech Processing
                                                                    &lt;/p&gt;
                                                            &lt;/div&gt;

                        &lt;/div&gt;

                    &lt;/div&gt;
                &lt;/div&gt;
            &lt;/div&gt;
        &lt;/a&gt;
                &lt;a href=" https://cs0404.cpkkuhost.com/detail/eyJpdiI6IktMRzJ6b2xROGE5TDB4aVpSOWlmWmc9PSIsInZhbHVlIjoieVFWVzFtU3E4RFJVbnl4WTJYaVd0QT09IiwibWFjIjoiOTg4OGEzY2QyM2I1MjMzYmIxMWQ5M2U0ODhjNWNlNTgxZjRlYjNlOWZiNGIxZjdjYjJmODc1ZDhiMmQxNWM3NiIsInRhZyI6IiJ9"&gt;
            &lt;div class="card mb-3"&gt;
                &lt;div class="row g-0"&gt;
                    &lt;div class="col-sm-4"&gt;
                        &lt;img class="card-image" src="https://cs0404.cpkkuhost.com/images/imag_user/Silada.jpg" alt=""&gt;
                    &lt;/div&gt;
                    &lt;div class="col-sm-8 overflow-hidden" style="text-overflow: clip;  max-height: 220px; "&gt;
                        &lt;div class="card-body"&gt;

                                                                                    &lt;h5 class="card-title"&gt;Assistant Professor Silada Intarasothonchun, Ph.D.&lt;/h5&gt;
                            
                            
                            &lt;p class="card-text-1"&gt;Research interests&lt;/p&gt;
                            &lt;div class="card-expertise"&gt;
                                                                &lt;p class="card-text"&gt;
                                                                        Cloud computing
                                                                    &lt;/p&gt;
                                                                &lt;p class="card-text"&gt;
                                                                        Computer and Network Security
                                                                    &lt;/p&gt;
                                                                &lt;p class="card-text"&gt;
                                                                        Internet of Things and Smart Technology
                                                                    &lt;/p&gt;
                                                                &lt;p class="card-text"&gt;
                                                                        Mobile Computing
                                                                    &lt;/p&gt;
                                                                &lt;p class="card-text"&gt;
                                                                        Network, Protocol, Optimization, and Intelligent Systems
                                                                    &lt;/p&gt;
                                                                &lt;p class="card-text"&gt;
                                                                        Wireless Sensor Networks
                                                                    &lt;/p&gt;
                                                                &lt;p class="card-text"&gt;
                                                                        Wireless and Cellular Networks
                                                                    &lt;/p&gt;
                                                            &lt;/div&gt;

                        &lt;/div&gt;

                    &lt;/div&gt;
                &lt;/div&gt;
            &lt;/div&gt;
        &lt;/a&gt;
                &lt;a href=" https://cs0404.cpkkuhost.com/detail/eyJpdiI6ImNYTytUdmxDZ0ZkalBFbWNmeXpLV0E9PSIsInZhbHVlIjoiVUNuZ0hYSktaS1VSL0lLbnhCWm9rQT09IiwibWFjIjoiNjhiZWE4NzIyYjdjYmIyNzZjZTU4NzAwMzc1MmEyZTE5YTZhMGQ4ZGQ3ZWQ1OTRlMDA4ZDBjNmUyYzIyMWU2YiIsInRhZyI6IiJ9"&gt;
            &lt;div class="card mb-3"&gt;
                &lt;div class="row g-0"&gt;
                    &lt;div class="col-sm-4"&gt;
                        &lt;img class="card-image" src="https://cs0404.cpkkuhost.com/images/imag_user/Urachart.jpg" alt=""&gt;
                    &lt;/div&gt;
                    &lt;div class="col-sm-8 overflow-hidden" style="text-overflow: clip;  max-height: 220px; "&gt;
                        &lt;div class="card-body"&gt;

                                                                                    &lt;h5 class="card-title"&gt;Assistant Professor Urachart Kokaew, Ph.D.&lt;/h5&gt;
                            
                            
                            &lt;p class="card-text-1"&gt;Research interests&lt;/p&gt;
                            &lt;div class="card-expertise"&gt;
                                                                &lt;p class="card-text"&gt;
                                                                        Bioinformatics
                                                                    &lt;/p&gt;
                                                                &lt;p class="card-text"&gt;
                                                                        Ubiquitous Learning, Blended Learning
                                                                    &lt;/p&gt;
                                                                &lt;p class="card-text"&gt;
                                                                        User Experience Design
                                                                    &lt;/p&gt;
                                                            &lt;/div&gt;

                        &lt;/div&gt;

                    &lt;/div&gt;
                &lt;/div&gt;
            &lt;/div&gt;
        &lt;/a&gt;
[...]
                        &lt;div class="card-body"&gt;

                                                                                    &lt;h5 class="card-title"&gt;Assistant Professor Sunti Tintanai&lt;/h5&gt;
                            
                            
                            &lt;p class="card-text-1"&gt;Research interests&lt;/p&gt;
                            &lt;div class="card-expertise"&gt;
                                                            &lt;/div&gt;

                        &lt;/div&gt;

                    &lt;/div&gt;
                &lt;/div&gt;
            &lt;/div&gt;
        &lt;/a&gt;
                &lt;a href=" https://cs0404.cpkkuhost.com/detail/eyJpdiI6ImF6N3FRSkovUnEvNzVvbC9wRithbHc9PSIsInZhbHVlIjoiTFFXOWlPa3JkZFQ0b1ZyeG9ZMzZwdz09IiwibWFjIjoiN2MyNDE2ZTA3YzQwOGNkY2IwOTU2MmVhMGUxMmZmYzU5ODE4NGZkZWEwMTY5ZmI0YzRjZDllYWUxN2ZhZjI2NSIsInRhZyI6IiJ9"&gt;
            &lt;div class="card mb-3"&gt;
                &lt;div class="row g-0"&gt;
                    &lt;div class="col-sm-4"&gt;
                        &lt;img class="card-image" src="https://cs0404.cpkkuhost.com/images/imag_user/UIMG_20220501626e4ded3350b.jpg" alt=""&gt;
                    &lt;/div&gt;
                    &lt;div class="col-sm-8 overflow-hidden" style="text-overflow: clip;  max-height: 220px; "&gt;
                        &lt;div class="card-body"&gt;

                                                                                    &lt;h5 class="card-title"&gt;Lecturer Praisan Padungweang, Ph.D.&lt;/h5&gt;
                            
                            
                            &lt;p class="card-text-1"&gt;Research interests&lt;/p&gt;
                            &lt;div class="card-expertise"&gt;
                                                                &lt;p class="card-text"&gt;
                                                                        Artificial Intelligence
                                                                    &lt;/p&gt;
                                                                &lt;p class="card-text"&gt;
                                                                        Big Data Analytics
                                                                    &lt;/p&gt;
                                                                &lt;p class="card-text"&gt;
                                                                        Computer Vision
                                                                    &lt;/p&gt;
                                                                &lt;p class="card-text"&gt;
                                                                        Data science
                                                                    &lt;/p&gt;
                                                                &lt;p class="card-text"&gt;
                                                                        Deep Learning
                                                                    &lt;/p&gt;
                                                                &lt;p class="card-text"&gt;
                                                                        Machine learning
                                                                    &lt;/p&gt;
                                                            &lt;/div&gt;

                        &lt;/div&gt;

                    &lt;/div&gt;
                &lt;/div&gt;
            &lt;/div&gt;
        &lt;/a&gt;
                &lt;a href=" https://cs0404.cpkkuhost.com/detail/eyJpdiI6IjgwUm84cHk4UWFZdWdJRk1vVGJ6SHc9PSIsInZhbHVlIjoiYWxSVHptRTY4VXp5dTlKbkFnU3EyUT09IiwibWFjIjoiMzZhODVjNzNiZDIxYjZkY2NiODYyZDc5OTVjMzM5OTEwOTNkY2FiY2VhOTAzYTRjNGY1NDk5MjU1YWFlOGE5NSIsInRhZyI6IiJ9"&gt;
            &lt;div class="card mb-3"&gt;
                &lt;div class="row g-0"&gt;
                    &lt;div class="col-sm-4"&gt;
                        &lt;img class="card-image" src="https://cs0404.cpkkuhost.com/images/imag_user/Wachirawut.jpg" alt=""&gt;
                    &lt;/div&gt;
                    &lt;div class="col-sm-8 overflow-hidden" style="text-overflow: clip;  max-height: 220px; "&gt;
                        &lt;div class="card-body"&gt;

                                                                                    &lt;h5 class="card-title"&gt;Lecturer Wachirawut Thamviset, Ph.D.&lt;/h5&gt;
                            
                            
                            &lt;p class="card-text-1"&gt;Research interests&lt;/p&gt;
                            &lt;div class="card-expertise"&gt;
                                                                &lt;p class="card-text"&gt;
                                                                        Information Extraction and Integration
                                                                    &lt;/p&gt;
                                                                &lt;p class="card-text"&gt;
                                                                        Internet and Web Information Systems
                                                                    &lt;/p&gt;
                                                                &lt;p class="card-text"&gt;
                                                                        Object Oriented Programming
                                                                    &lt;/p&gt;
                                                            &lt;/div&gt;

                        &lt;/div&gt;

                    &lt;/div&gt;
                &lt;/div&gt;
            &lt;/div&gt;
        &lt;/a&gt;
                &lt;a href=" https://cs0404.cpkkuhost.com/detail/eyJpdiI6InlPRlBSQ3p3L1NQQWttdHNlVzNqcFE9PSIsInZhbHVlIjoiazNEU1Z2aEJDWVV5WFU2NElCbThYQT09IiwibWFjIjoiYjk5MmVmMmFmM2YyYTNjZTYxMjcwYTJmNGJiOTI0YTkyNjJhODAxYjM5NjY3ZmMzMTM4YTVmZTcyNGQ0ODc5NSIsInRhZyI6IiJ9"&gt;
            &lt;div class="card mb-3"&gt;
                &lt;div class="row g-0"&gt;
                    &lt;div class="col-sm-4"&gt;
                        &lt;img class="card-image" src="https://cs0404.cpkkuhost.com/images/imag_user/UIMG_20220501626e4c03d2e6a.jpg" alt=""&gt;
                    &lt;/div&gt;
                    &lt;div class="col-sm-8 overflow-hidden" style="text-overflow: clip;  max-height: 220px; "&gt;
                        &lt;div class="card-body"&gt;

                                                                                    &lt;h5 class="card-title"&gt;Lecturer Thanaphon Tangchoopong&lt;/h5&gt;
                            
                            
                            &lt;p class="card-text-1"&gt;Research interests&lt;/p&gt;
                            &lt;div class="card-expertise"&gt;
                                                                &lt;p class="card-text"&gt;
                                                                        Artificial Intelligence
                                                                    &lt;/p&gt;
                                                                &lt;p class="card-text"&gt;
                                                                        Complex Adaptive System
                                                                    &lt;/p&gt;
                                                                &lt;p class="card-text"&gt;
                                                                        Information Theory
                                                                    &lt;/p&gt;
                                                                &lt;p class="card-text"&gt;
                                                                        Machine Learning
                                                                    &lt;/p&gt;
                                                                &lt;p class="card-text"&gt;
                                                                        Social Network Analysis
                                                                    &lt;/p&gt;
                                                                &lt;p class="card-text"&gt;
                                                                        Temporal Causality Analysis
                                                                    &lt;/p&gt;
                                                            &lt;/div&gt;

                        &lt;/div&gt;

                    &lt;/div&gt;
                &lt;/div&gt;
            &lt;/div&gt;
        &lt;/a&gt;
                    &lt;/div&gt;
&lt;/div&gt;

    
    &lt;footer class="footer"&gt;
        &lt;div class="d-sm-flex justify-content-center justify-content-sm-between"&gt;
        &lt;/div&gt;
    &lt;/footer&gt;


&lt;/body&gt;&lt;/html&gt;' does not contain 'การเรียนรู้ของเครื่องและระบบอัจฉริยะ'</msg>
<arg>${html_source}</arg>
<arg>${text}</arg>
<doc>Fails if ``container`` does not contain ``item`` one or more times.</doc>
<status status="FAIL" start="2025-03-12T21:11:16.486295" elapsed="0.001041">'&lt;html lang="en" class="hydrated"&gt;&lt;head&gt;
    &lt;meta charset="UTF-8"&gt;&lt;style data-styles=""&gt;ion-icon{visibility:hidden}.hydrated{visibility:inherit}&lt;/style&gt;
    &lt;meta name="viewport" content="width=device-width, initial-scale=1.0"&gt;
    &lt;meta http-equiv="X-UA-Compatible" content="ie=edge"&gt;
    &lt;title&gt;ระบบข้อมูลงานวิจัย วิทยาลัยการคอมพิวเตอร์&lt;/title&gt;
    &lt;base href="https://cs0404.cpkkuhost.com"&gt;
    &lt;link href="img/Newlogo.png" rel="shortcut icon" type="image/x-icon"&gt;

    &lt;link href="https://cs0404.cpkkuhost.com/css/app.css" rel="stylesheet"&gt;

    &lt;link href="https://cs0404.cpkkuhost.com/css/load-more-button.css" rel="stylesheet"&gt;

    &lt;script src="https://cs0404.cpkkuhost.com/js/app.js"&gt;&lt;/script&gt;

    &lt;link rel="stylesheet" href="https://cs0404.cpkkuhost.com/vendor/bootstrap/css/bootstrap.min.css"&gt;
    &lt;script src="https://cs0404.cpkkuhost.com/js/jquery-3.6.0.min.js"&gt;&lt;/script&gt;
    [ Message content over the limit has been removed. ]
                                                            &lt;/div&gt;

                        &lt;/div&gt;

                    &lt;/div&gt;
                &lt;/div&gt;
            &lt;/div&gt;
        &lt;/a&gt;
                    &lt;/div&gt;
&lt;/div&gt;

    
    &lt;footer class="footer"&gt;
        &lt;div class="d-sm-flex justify-content-center justify-content-sm-between"&gt;
        &lt;/div&gt;
    &lt;/footer&gt;


&lt;/body&gt;&lt;/html&gt;' does not contain 'การเรียนรู้ของเครื่องและระบบอัจฉริยะ'</status>
</kw>
<var name="${text}">การเรียนรู้ของเครื่องและระบบอัจฉริยะ</var>
<status status="FAIL" start="2025-03-12T21:11:16.486131" elapsed="0.001317">'&lt;html lang="en" class="hydrated"&gt;&lt;head&gt;
    &lt;meta charset="UTF-8"&gt;&lt;style data-styles=""&gt;ion-icon{visibility:hidden}.hydrated{visibility:inherit}&lt;/style&gt;
    &lt;meta name="viewport" content="width=device-width, initial-scale=1.0"&gt;
    &lt;meta http-equiv="X-UA-Compatible" content="ie=edge"&gt;
    &lt;title&gt;ระบบข้อมูลงานวิจัย วิทยาลัยการคอมพิวเตอร์&lt;/title&gt;
    &lt;base href="https://cs0404.cpkkuhost.com"&gt;
    &lt;link href="img/Newlogo.png" rel="shortcut icon" type="image/x-icon"&gt;

    &lt;link href="https://cs0404.cpkkuhost.com/css/app.css" rel="stylesheet"&gt;

    &lt;link href="https://cs0404.cpkkuhost.com/css/load-more-button.css" rel="stylesheet"&gt;

    &lt;script src="https://cs0404.cpkkuhost.com/js/app.js"&gt;&lt;/script&gt;

    &lt;link rel="stylesheet" href="https://cs0404.cpkkuhost.com/vendor/bootstrap/css/bootstrap.min.css"&gt;
    &lt;script src="https://cs0404.cpkkuhost.com/js/jquery-3.6.0.min.js"&gt;&lt;/script&gt;
    [ Message content over the limit has been removed. ]
                                                            &lt;/div&gt;

                        &lt;/div&gt;

                    &lt;/div&gt;
                &lt;/div&gt;
            &lt;/div&gt;
        &lt;/a&gt;
                    &lt;/div&gt;
&lt;/div&gt;

    
    &lt;footer class="footer"&gt;
        &lt;div class="d-sm-flex justify-content-center justify-content-sm-between"&gt;
        &lt;/div&gt;
    &lt;/footer&gt;


&lt;/body&gt;&lt;/html&gt;' does not contain 'การเรียนรู้ของเครื่องและระบบอัจฉริยะ'</status>
</iter>
<var>${text}</var>
<value>@{expected_texts}</value>
<status status="FAIL" start="2025-03-12T21:11:16.486012" elapsed="0.001518">'&lt;html lang="en" class="hydrated"&gt;&lt;head&gt;
    &lt;meta charset="UTF-8"&gt;&lt;style data-styles=""&gt;ion-icon{visibility:hidden}.hydrated{visibility:inherit}&lt;/style&gt;
    &lt;meta name="viewport" content="width=device-width, initial-scale=1.0"&gt;
    &lt;meta http-equiv="X-UA-Compatible" content="ie=edge"&gt;
    &lt;title&gt;ระบบข้อมูลงานวิจัย วิทยาลัยการคอมพิวเตอร์&lt;/title&gt;
    &lt;base href="https://cs0404.cpkkuhost.com"&gt;
    &lt;link href="img/Newlogo.png" rel="shortcut icon" type="image/x-icon"&gt;

    &lt;link href="https://cs0404.cpkkuhost.com/css/app.css" rel="stylesheet"&gt;

    &lt;link href="https://cs0404.cpkkuhost.com/css/load-more-button.css" rel="stylesheet"&gt;

    &lt;script src="https://cs0404.cpkkuhost.com/js/app.js"&gt;&lt;/script&gt;

    &lt;link rel="stylesheet" href="https://cs0404.cpkkuhost.com/vendor/bootstrap/css/bootstrap.min.css"&gt;
    &lt;script src="https://cs0404.cpkkuhost.com/js/jquery-3.6.0.min.js"&gt;&lt;/script&gt;
    [ Message content over the limit has been removed. ]
                                                            &lt;/div&gt;

                        &lt;/div&gt;

                    &lt;/div&gt;
                &lt;/div&gt;
            &lt;/div&gt;
        &lt;/a&gt;
                    &lt;/div&gt;
&lt;/div&gt;

    
    &lt;footer class="footer"&gt;
        &lt;div class="d-sm-flex justify-content-center justify-content-sm-between"&gt;
        &lt;/div&gt;
    &lt;/footer&gt;


&lt;/body&gt;&lt;/html&gt;' does not contain 'การเรียนรู้ของเครื่องและระบบอัจฉริยะ'</status>
</for>
<arg>@{expected_texts}</arg>
<status status="FAIL" start="2025-03-12T21:11:16.478298" elapsed="0.009479">'&lt;html lang="en" class="hydrated"&gt;&lt;head&gt;
    &lt;meta charset="UTF-8"&gt;&lt;style data-styles=""&gt;ion-icon{visibility:hidden}.hydrated{visibility:inherit}&lt;/style&gt;
    &lt;meta name="viewport" content="width=device-width, initial-scale=1.0"&gt;
    &lt;meta http-equiv="X-UA-Compatible" content="ie=edge"&gt;
    &lt;title&gt;ระบบข้อมูลงานวิจัย วิทยาลัยการคอมพิวเตอร์&lt;/title&gt;
    &lt;base href="https://cs0404.cpkkuhost.com"&gt;
    &lt;link href="img/Newlogo.png" rel="shortcut icon" type="image/x-icon"&gt;

    &lt;link href="https://cs0404.cpkkuhost.com/css/app.css" rel="stylesheet"&gt;

    &lt;link href="https://cs0404.cpkkuhost.com/css/load-more-button.css" rel="stylesheet"&gt;

    &lt;script src="https://cs0404.cpkkuhost.com/js/app.js"&gt;&lt;/script&gt;

    &lt;link rel="stylesheet" href="https://cs0404.cpkkuhost.com/vendor/bootstrap/css/bootstrap.min.css"&gt;
    &lt;script src="https://cs0404.cpkkuhost.com/js/jquery-3.6.0.min.js"&gt;&lt;/script&gt;
    [ Message content over the limit has been removed. ]
                                                            &lt;/div&gt;

                        &lt;/div&gt;

                    &lt;/div&gt;
                &lt;/div&gt;
            &lt;/div&gt;
        &lt;/a&gt;
                    &lt;/div&gt;
&lt;/div&gt;

    
    &lt;footer class="footer"&gt;
        &lt;div class="d-sm-flex justify-content-center justify-content-sm-between"&gt;
        &lt;/div&gt;
    &lt;/footer&gt;


&lt;/body&gt;&lt;/html&gt;' does not contain 'การเรียนรู้ของเครื่องและระบบอัจฉริยะ'</status>
</kw>
<arg>${LANG_TO_THAI}</arg>
<arg>@{EXPECTED_RESEARCHER_EXPERTISES_TH}</arg>
<status status="FAIL" start="2025-03-12T21:11:12.287036" elapsed="4.200892">'&lt;html lang="en" class="hydrated"&gt;&lt;head&gt;
    &lt;meta charset="UTF-8"&gt;&lt;style data-styles=""&gt;ion-icon{visibility:hidden}.hydrated{visibility:inherit}&lt;/style&gt;
    &lt;meta name="viewport" content="width=device-width, initial-scale=1.0"&gt;
    &lt;meta http-equiv="X-UA-Compatible" content="ie=edge"&gt;
    &lt;title&gt;ระบบข้อมูลงานวิจัย วิทยาลัยการคอมพิวเตอร์&lt;/title&gt;
    &lt;base href="https://cs0404.cpkkuhost.com"&gt;
    &lt;link href="img/Newlogo.png" rel="shortcut icon" type="image/x-icon"&gt;

    &lt;link href="https://cs0404.cpkkuhost.com/css/app.css" rel="stylesheet"&gt;

    &lt;link href="https://cs0404.cpkkuhost.com/css/load-more-button.css" rel="stylesheet"&gt;

    &lt;script src="https://cs0404.cpkkuhost.com/js/app.js"&gt;&lt;/script&gt;

    &lt;link rel="stylesheet" href="https://cs0404.cpkkuhost.com/vendor/bootstrap/css/bootstrap.min.css"&gt;
    &lt;script src="https://cs0404.cpkkuhost.com/js/jquery-3.6.0.min.js"&gt;&lt;/script&gt;
    [ Message content over the limit has been removed. ]
                                                            &lt;/div&gt;

                        &lt;/div&gt;

                    &lt;/div&gt;
                &lt;/div&gt;
            &lt;/div&gt;
        &lt;/a&gt;
                    &lt;/div&gt;
&lt;/div&gt;

    
    &lt;footer class="footer"&gt;
        &lt;div class="d-sm-flex justify-content-center justify-content-sm-between"&gt;
        &lt;/div&gt;
    &lt;/footer&gt;


&lt;/body&gt;&lt;/html&gt;' does not contain 'การเรียนรู้ของเครื่องและระบบอัจฉริยะ'</status>
</kw>
<kw name="Close Browser" owner="SeleniumLibrary">
<doc>Closes the current browser.</doc>
<status status="NOT RUN" start="2025-03-12T21:11:16.488280" elapsed="0.000027"/>
</kw>
<kw name="Close Browser" owner="SeleniumLibrary" type="TEARDOWN">
<doc>Closes the current browser.</doc>
<status status="PASS" start="2025-03-12T21:11:16.488636" elapsed="2.181977"/>
</kw>
<status status="FAIL" start="2025-03-12T21:11:04.466494" elapsed="14.204631">'&lt;html lang="en" class="hydrated"&gt;&lt;head&gt;
    &lt;meta charset="UTF-8"&gt;&lt;style data-styles=""&gt;ion-icon{visibility:hidden}.hydrated{visibility:inherit}&lt;/style&gt;
    &lt;meta name="viewport" content="width=device-width, initial-scale=1.0"&gt;
    &lt;meta http-equiv="X-UA-Compatible" content="ie=edge"&gt;
    &lt;title&gt;ระบบข้อมูลงานวิจัย วิทยาลัยการคอมพิวเตอร์&lt;/title&gt;
    &lt;base href="https://cs0404.cpkkuhost.com"&gt;
    &lt;link href="img/Newlogo.png" rel="shortcut icon" type="image/x-icon"&gt;

    &lt;link href="https://cs0404.cpkkuhost.com/css/app.css" rel="stylesheet"&gt;

    &lt;link href="https://cs0404.cpkkuhost.com/css/load-more-button.css" rel="stylesheet"&gt;

    &lt;script src="https://cs0404.cpkkuhost.com/js/app.js"&gt;&lt;/script&gt;

    &lt;link rel="stylesheet" href="https://cs0404.cpkkuhost.com/vendor/bootstrap/css/bootstrap.min.css"&gt;
    &lt;script src="https://cs0404.cpkkuhost.com/js/jquery-3.6.0.min.js"&gt;&lt;/script&gt;
    [ Message content over the limit has been removed. ]
                                                            &lt;/div&gt;

                        &lt;/div&gt;

                    &lt;/div&gt;
                &lt;/div&gt;
            &lt;/div&gt;
        &lt;/a&gt;
                    &lt;/div&gt;
&lt;/div&gt;

    
    &lt;footer class="footer"&gt;
        &lt;div class="d-sm-flex justify-content-center justify-content-sm-between"&gt;
        &lt;/div&gt;
    &lt;/footer&gt;


&lt;/body&gt;&lt;/html&gt;' does not contain 'การเรียนรู้ของเครื่องและระบบอัจฉริยะ'</status>
</test>
<status status="FAIL" start="2025-03-12T21:08:53.086872" elapsed="145.596830"/>
</suite>
<statistics>
<total>
<stat pass="4" fail="5" skip="0">All Tests</stat>
</total>
<tag>
</tag>
<suite>
<stat pass="4" fail="5" skip="0" id="s1" name="Researcher">Researcher</stat>
</suite>
</statistics>
<errors>
</errors>
</robot>
